Copyright 1986-2017 Xilinx, Inc. All Rights Reserved.
-----------------------------------------------------------------------------------------
| Tool Version : Vivado v.2017.4 (win64) Build 2086221 Fri Dec 15 20:55:39 MST 2017
| Date         : Tue Dec 10 18:17:44 2019
| Host         : 203-23 running 64-bit major release  (build 9200)
| Command      : report_control_sets -verbose -file MCCPUSOC_Top_control_sets_placed.rpt
| Design       : MCCPUSOC_Top
| Device       : xc7a100t
-----------------------------------------------------------------------------------------

Control Set Information

Table of Contents
-----------------
1. Summary
2. Flip-Flop Distribution
3. Detailed Control Set Information

1. Summary
----------

+----------------------------------------------------------+-------+
|                          Status                          | Count |
+----------------------------------------------------------+-------+
| Number of unique control sets                            |   120 |
| Unused register locations in slices containing registers |   612 |
+----------------------------------------------------------+-------+


2. Flip-Flop Distribution
-------------------------

+--------------+-----------------------+------------------------+-----------------+--------------+
| Clock Enable | Synchronous Set/Reset | Asynchronous Set/Reset | Total Registers | Total Slices |
+--------------+-----------------------+------------------------+-----------------+--------------+
| No           | No                    | No                     |               0 |            0 |
| No           | No                    | Yes                    |             214 |           94 |
| No           | Yes                   | No                     |               0 |            0 |
| Yes          | No                    | No                     |              32 |           22 |
| Yes          | No                    | Yes                    |            1094 |          703 |
| Yes          | Yes                   | No                     |               0 |            0 |
+--------------+-----------------------+------------------------+-----------------+--------------+


3. Detailed Control Set Information
-----------------------------------

+------------------+---------------------------------+----------------------------------+------------------+----------------+
|   Clock Signal   |          Enable Signal          |         Set/Reset Signal         | Slice Load Count | Bel Load Count |
+------------------+---------------------------------+----------------------------------+------------------+----------------+
|  Clk_CPU_BUFG    | U_MCCPU/U_CTRL/IRWrite          | U_MCCPU/U_RF/rf_reg[17][23]_0[0] |                1 |              1 |
|  Clk_CPU_BUFG    | U_MCCPU/U_IR/rf_reg[7][31][0]   | U_MCCPU/U_RF/rf[31][18]_i_2_n_0  |                1 |              1 |
|  Clk_CPU_BUFG    | U_MCCPU/U_CTRL/IRWrite          | U_7SEG/rst                       |                1 |              1 |
|  clk_IBUF_BUFG   | U_MCCPU/U_CTRL/E[0]             | U_MCCPU/U_RF/AR[0]               |                1 |              1 |
|  Clk_CPU_BUFG    | U_MCCPU/U_IR/rf_reg[31][31][0]  | U_MCCPU/U_RF/AR[0]               |                1 |              1 |
|  Clk_CPU_BUFG    | U_MCCPU/U_IR/rf_reg[29][31][0]  | U_MCCPU/U_RF/AR[0]               |                1 |              1 |
|  Clk_CPU_BUFG    | U_MCCPU/U_IR/rf_reg[28][31][0]  | U_MCCPU/U_RF/AR[0]               |                1 |              1 |
|  Clk_CPU_BUFG    | U_MCCPU/U_IR/rf_reg[30][31][0]  | U_MCCPU/U_RF/AR[0]               |                1 |              1 |
|  Clk_CPU_BUFG    |                                 | U_MCCPU/U_RF/AR[0]               |                1 |              2 |
|  Clk_CPU_BUFG    | U_MCCPU/U_CTRL/IRWrite          | U_MCCPU/U_RF/rf_reg[17][23]_0[1] |                1 |              2 |
|  Clk_CPU_BUFG    | U_MCCPU/U_CTRL/IRWrite          | U_MCCPU/U_RF/rf_reg[17][23]_0[2] |                1 |              2 |
|  Clk_CPU_BUFG    | U_MCCPU/U_IR/rf_reg[31][31][0]  | U_MCCPU/U_RF/rf[31][20]_i_2_n_0  |                2 |              2 |
|  U_7SEG/seg7_clk |                                 | U_7SEG/rst                       |                2 |              3 |
|  Clk_CPU_BUFG    | U_MCCPU/U_IR/rf_reg[8][31][0]   | U_MCCPU/U_RF/rf_reg[17][23]_0[2] |                3 |              3 |
|  Clk_CPU_BUFG    | U_MCCPU/U_IR/rf_reg[16][31][0]  | U_MCCPU/U_RF/rf_reg[17][23]_0[1] |                2 |              3 |
|  Clk_CPU_BUFG    | U_MCCPU/U_IR/rf_reg[17][31][0]  | U_MCCPU/U_RF/rf_reg[17][23]_0[2] |                3 |              3 |
|  Clk_CPU_BUFG    | U_MCCPU/U_IR/rf_reg[23][31][0]  | U_MCCPU/U_RF/rf_reg[17][23]_0[0] |                4 |              4 |
|  Clk_CPU_BUFG    | U_MCCPU/U_IR/rf_reg[23][31][0]  | U_MCCPU/U_RF/rf[31][9]_i_2_n_0   |                4 |              6 |
|  Clk_CPU_BUFG    | U_MCCPU/U_IR/rf_reg[8][31][0]   | U_MCCPU/U_RF/rf[31][20]_i_2_n_0  |                7 |              7 |
|  Clk_CPU_BUFG    | U_MCCPU/U_IR/rf_reg[16][31][0]  | U_MCCPU/U_RF/rf[31][9]_i_2_n_0   |                6 |              8 |
|  Clk_CPU_BUFG    | U_MCCPU/U_IR/rf_reg[17][31][0]  | U_MCCPU/U_RF/rf[31][30]_i_2_n_0  |                4 |              8 |
|  Clk_CPU_BUFG    | U_MCCPU/U_IR/rf_reg[31][31][0]  | U_MCCPU/U_RF/rf[31][18]_i_2_n_0  |                6 |              9 |
|  Clk_CPU_BUFG    | U_MCCPU/U_IR/rf_reg[24][31][0]  | U_MCCPU/U_RF/rf[31][9]_i_2_n_0   |                6 |             10 |
|  Clk_CPU_BUFG    | U_MCCPU/U_IR/rf_reg[25][31][0]  | U_MCCPU/U_RF/rf[31][9]_i_2_n_0   |                5 |             10 |
|  Clk_CPU_BUFG    | U_MCCPU/U_IR/rf_reg[26][31][0]  | U_MCCPU/U_RF/rf[31][9]_i_2_n_0   |                3 |             10 |
|  Clk_CPU_BUFG    | U_MCCPU/U_IR/rf_reg[6][31][0]   | U_MCCPU/U_RF/AR[0]               |                9 |             10 |
|  Clk_CPU_BUFG    | U_MCCPU/U_CTRL/q_reg[31]_0[0]   | U_MCCPU/U_ALUR/AR[0]             |                5 |             10 |
|  Clk_CPU_BUFG    | U_MCCPU/U_IR/rf_reg[27][31][0]  | U_MCCPU/U_RF/rf[31][9]_i_2_n_0   |                8 |             10 |
|  Clk_CPU_BUFG    | U_MCCPU/U_IR/rf_reg[10][31][0]  | U_MCCPU/U_RF/rf[31][20]_i_2_n_0  |                8 |             10 |
|  Clk_CPU_BUFG    | U_MCCPU/U_IR/rf_reg[16][31][0]  | U_MCCPU/U_RF/rf[31][20]_i_2_n_0  |                7 |             10 |
|  Clk_CPU_BUFG    | U_MCCPU/U_IR/rf_reg[1][31]_0[0] | U_MCCPU/U_RF/rf_reg[17][23]_0[2] |                5 |             10 |
|  Clk_CPU_BUFG    | U_MCCPU/U_IR/rf_reg[20][31][0]  | U_MCCPU/U_RF/rf[31][9]_i_2_n_0   |                7 |             10 |
|  Clk_CPU_BUFG    | U_MCCPU/U_IR/rf_reg[28][31][0]  | U_MCCPU/U_RF/rf[31][30]_i_2_n_0  |                4 |             10 |
|  Clk_CPU_BUFG    | U_MCCPU/U_IR/rf_reg[12][31][0]  | U_MCCPU/U_RF/rf[31][20]_i_2_n_0  |                9 |             10 |
|  Clk_CPU_BUFG    | U_MCCPU/U_IR/rf_reg[28][31][0]  | U_MCCPU/U_RF/rf[31][9]_i_2_n_0   |                5 |             10 |
|  Clk_CPU_BUFG    | U_MCCPU/U_IR/rf_reg[29][31][0]  | U_MCCPU/U_RF/rf[31][30]_i_2_n_0  |                5 |             10 |
|  Clk_CPU_BUFG    | U_MCCPU/U_IR/rf_reg[29][31][0]  | U_MCCPU/U_RF/rf[31][9]_i_2_n_0   |                5 |             10 |
|  Clk_CPU_BUFG    | U_MCCPU/U_IR/rf_reg[11][31][0]  | U_MCCPU/U_RF/rf[31][18]_i_2_n_0  |                8 |             10 |
|  Clk_CPU_BUFG    | U_MCCPU/U_IR/rf_reg[7][31][0]   | U_MCCPU/U_RF/rf_reg[17][23]_0[1] |                7 |             10 |
|  Clk_CPU_BUFG    | U_MCCPU/U_IR/rf_reg[7][31][0]   | U_MCCPU/U_RF/rf_reg[17][23]_0[2] |               10 |             10 |
|  Clk_CPU_BUFG    | U_MCCPU/U_IR/rf_reg[13][31][0]  | U_MCCPU/U_RF/rf[31][18]_i_2_n_0  |                7 |             10 |
|  Clk_CPU_BUFG    | U_MCCPU/U_IR/rf_reg[3][31][0]   | U_MCCPU/U_RF/rf_reg[17][23]_0[2] |                7 |             10 |
|  Clk_CPU_BUFG    | U_MCCPU/U_IR/rf_reg[14][31][0]  | U_MCCPU/U_RF/rf[31][20]_i_2_n_0  |                9 |             10 |
|  Clk_CPU_BUFG    | U_MCCPU/U_IR/rf_reg[9][31][0]   | U_MCCPU/U_RF/rf[31][18]_i_2_n_0  |                9 |             10 |
|  Clk_CPU_BUFG    | U_MCCPU/U_IR/rf_reg[30][31][0]  | U_MCCPU/U_RF/rf[31][30]_i_2_n_0  |                7 |             10 |
|  Clk_CPU_BUFG    | U_MCCPU/U_IR/rf_reg[30][31][0]  | U_MCCPU/U_RF/rf[31][9]_i_2_n_0   |                8 |             10 |
|  Clk_CPU_BUFG    | U_MCCPU/U_IR/rf_reg[15][31][0]  | U_MCCPU/U_RF/rf[31][18]_i_2_n_0  |                8 |             10 |
|  Clk_CPU_BUFG    | U_MCCPU/U_IR/rf_reg[5][31][0]   | U_MCCPU/U_RF/rf_reg[17][23]_0[2] |                7 |             10 |
|  Clk_CPU_BUFG    | U_MCCPU/U_IR/rf_reg[17][31][0]  | U_MCCPU/U_RF/rf[31][18]_i_2_n_0  |                6 |             10 |
|  Clk_CPU_BUFG    | U_MCCPU/U_IR/rf_reg[18][31][0]  | U_MCCPU/U_RF/rf[31][20]_i_2_n_0  |                7 |             10 |
|  Clk_CPU_BUFG    | U_MCCPU/U_IR/rf_reg[4][31][0]   | U_MCCPU/U_RF/AR[0]               |                9 |             10 |
|  Clk_CPU_BUFG    | U_MCCPU/U_IR/rf_reg[31][31][0]  | U_MCCPU/U_RF/rf[31][30]_i_2_n_0  |                9 |             10 |
|  Clk_CPU_BUFG    | U_MCCPU/U_IR/rf_reg[21][31][0]  | U_MCCPU/U_RF/rf_reg[17][23]_0[0] |                8 |             10 |
|  Clk_CPU_BUFG    | U_MCCPU/U_IR/rf_reg[31][31][0]  | U_MCCPU/U_RF/rf[31][9]_i_2_n_0   |                5 |             10 |
|  Clk_CPU_BUFG    | U_MCCPU/U_IR/rf_reg[2][31][0]   | U_MCCPU/U_RF/AR[0]               |                6 |             10 |
|  Clk_CPU_BUFG    | U_MCCPU/U_IR/rf_reg[19][31][0]  | U_MCCPU/U_RF/rf[31][18]_i_2_n_0  |                6 |             10 |
|  Clk_CPU_BUFG    | U_MCCPU/U_IR/rf_reg[22][31][0]  | U_MCCPU/U_RF/rf[31][9]_i_2_n_0   |                8 |             10 |
|  Clk_CPU_BUFG    | U_MCCPU/U_IR/rf_reg[20][31][0]  | U_MCCPU/U_RF/AR[0]               |                6 |             11 |
|  Clk_CPU_BUFG    | U_MCCPU/U_IR/rf_reg[19][31][0]  | U_MCCPU/U_RF/rf[31][30]_i_2_n_0  |                5 |             11 |
|  Clk_CPU_BUFG    | U_MCCPU/U_IR/rf_reg[29][31][0]  | U_MCCPU/U_RF/rf[31][18]_i_2_n_0  |                9 |             11 |
|  Clk_CPU_BUFG    | U_MCCPU/U_IR/rf_reg[2][31][0]   | U_MCCPU/U_RF/rf_reg[17][23]_0[1] |                6 |             11 |
|  Clk_CPU_BUFG    | U_MCCPU/U_IR/rf_reg[2][31][0]   | U_MCCPU/U_RF/rf_reg[17][23]_0[2] |                7 |             11 |
|  Clk_CPU_BUFG    | U_MCCPU/U_IR/rf_reg[25][31][0]  | U_MCCPU/U_RF/rf[31][18]_i_2_n_0  |                6 |             11 |
|  Clk_CPU_BUFG    | U_MCCPU/U_IR/rf_reg[20][31][0]  | U_MCCPU/U_RF/rf[31][20]_i_2_n_0  |                7 |             11 |
|  Clk_CPU_BUFG    | U_MCCPU/U_IR/rf_reg[14][31][0]  | U_MCCPU/U_RF/rf_reg[17][23]_0[1] |                4 |             11 |
|  Clk_CPU_BUFG    | U_MCCPU/U_IR/rf_reg[12][31][0]  | U_MCCPU/U_RF/rf_reg[17][23]_0[1] |                3 |             11 |
|  Clk_CPU_BUFG    | U_MCCPU/U_IR/rf_reg[12][31][0]  | U_MCCPU/U_RF/AR[0]               |               10 |             11 |
|  Clk_CPU_BUFG    | U_MCCPU/U_IR/rf_reg[11][31][0]  | U_MCCPU/U_RF/rf_reg[17][23]_0[0] |                9 |             11 |
|  Clk_CPU_BUFG    | U_MCCPU/U_IR/rf_reg[11][31][0]  | U_MCCPU/U_RF/rf_reg[17][23]_0[2] |                9 |             11 |
|  Clk_CPU_BUFG    | U_MCCPU/U_IR/rf_reg[13][31][0]  | U_MCCPU/U_RF/rf_reg[17][23]_0[0] |                6 |             11 |
|  Clk_CPU_BUFG    | U_MCCPU/U_IR/rf_reg[13][31][0]  | U_MCCPU/U_RF/rf_reg[17][23]_0[2] |                9 |             11 |
|  Clk_CPU_BUFG    | U_MCCPU/U_IR/rf_reg[19][31][0]  | U_MCCPU/U_RF/rf_reg[17][23]_0[0] |                9 |             11 |
|  Clk_CPU_BUFG    | U_MCCPU/U_IR/rf_reg[14][31][0]  | U_MCCPU/U_RF/AR[0]               |                7 |             11 |
|  Clk_CPU_BUFG    | U_MCCPU/U_IR/rf_reg[15][31][0]  | U_MCCPU/U_RF/rf_reg[17][23]_0[0] |                4 |             11 |
|  Clk_CPU_BUFG    | U_MCCPU/U_IR/rf_reg[15][31][0]  | U_MCCPU/U_RF/rf_reg[17][23]_0[2] |                9 |             11 |
|  Clk_CPU_BUFG    | U_MCCPU/U_IR/rf_reg[17][31][0]  | U_MCCPU/U_RF/rf_reg[17][23]_0[0] |                4 |             11 |
|  Clk_CPU_BUFG    | U_MCCPU/U_IR/rf_reg[18][31][0]  | U_MCCPU/U_RF/AR[0]               |                5 |             11 |
|  Clk_CPU_BUFG    | U_MCCPU/U_IR/rf_reg[18][31][0]  | U_MCCPU/U_RF/rf[31][9]_i_2_n_0   |                5 |             11 |
|  Clk_CPU_BUFG    | U_MCCPU/U_IR/rf_reg[21][31][0]  | U_MCCPU/U_RF/rf[31][30]_i_2_n_0  |                6 |             11 |
|  Clk_CPU_BUFG    | U_MCCPU/U_IR/rf_reg[21][31][0]  | U_MCCPU/U_RF/rf[31][18]_i_2_n_0  |                7 |             11 |
|  Clk_CPU_BUFG    | U_MCCPU/U_IR/rf_reg[16][31][0]  | U_MCCPU/U_RF/AR[0]               |                4 |             11 |
|  Clk_CPU_BUFG    | U_MCCPU/U_IR/rf_reg[7][31][0]   | U_MCCPU/U_RF/rf_reg[17][23]_0[0] |               10 |             11 |
|  Clk_CPU_BUFG    | U_MCCPU/U_IR/rf_reg[26][31][0]  | U_MCCPU/U_RF/rf[31][20]_i_2_n_0  |                5 |             11 |
|  Clk_CPU_BUFG    | U_MCCPU/U_IR/rf_reg[1][31]_0[0] | U_MCCPU/U_RF/rf_reg[17][23]_0[0] |                9 |             11 |
|  Clk_CPU_BUFG    | U_MCCPU/U_IR/rf_reg[25][31][0]  | U_MCCPU/U_RF/rf[31][30]_i_2_n_0  |                5 |             11 |
|  Clk_CPU_BUFG    | U_MCCPU/U_IR/rf_reg[3][31][0]   | U_MCCPU/U_RF/rf_reg[17][23]_0[0] |                6 |             11 |
|  Clk_CPU_BUFG    | U_MCCPU/U_IR/rf_reg[3][31][0]   | U_MCCPU/U_RF/rf_reg[17][23]_0[1] |                7 |             11 |
|  Clk_CPU_BUFG    | U_MCCPU/U_IR/rf_reg[1][31]_0[0] | U_MCCPU/U_RF/rf_reg[17][23]_0[1] |                5 |             11 |
|  Clk_CPU_BUFG    | U_MCCPU/U_IR/rf_reg[8][31][0]   | U_MCCPU/U_RF/rf_reg[17][23]_0[1] |               10 |             11 |
|  Clk_CPU_BUFG    | U_MCCPU/U_IR/rf_reg[24][31][0]  | U_MCCPU/U_RF/rf[31][30]_i_2_n_0  |                7 |             11 |
|  Clk_CPU_BUFG    | U_MCCPU/U_IR/rf_reg[24][31][0]  | U_MCCPU/U_RF/rf[31][20]_i_2_n_0  |                8 |             11 |
|  Clk_CPU_BUFG    | U_MCCPU/U_IR/rf_reg[8][31][0]   | U_MCCPU/U_RF/AR[0]               |               11 |             11 |
|  Clk_CPU_BUFG    | U_MCCPU/U_IR/rf_reg[9][31][0]   | U_MCCPU/U_RF/rf_reg[17][23]_0[0] |               11 |             11 |
|  Clk_CPU_BUFG    | U_MCCPU/U_IR/rf_reg[9][31][0]   | U_MCCPU/U_RF/rf_reg[17][23]_0[2] |                9 |             11 |
|  Clk_CPU_BUFG    | U_MCCPU/U_IR/rf_reg[27][31][0]  | U_MCCPU/U_RF/rf[31][18]_i_2_n_0  |                6 |             11 |
|  Clk_CPU_BUFG    | U_MCCPU/U_IR/rf_reg[30][31][0]  | U_MCCPU/U_RF/rf[31][20]_i_2_n_0  |                7 |             11 |
|  Clk_CPU_BUFG    | U_MCCPU/U_IR/rf_reg[28][31][0]  | U_MCCPU/U_RF/rf[31][20]_i_2_n_0  |                6 |             11 |
|  Clk_CPU_BUFG    | U_MCCPU/U_IR/rf_reg[23][31][0]  | U_MCCPU/U_RF/rf[31][18]_i_2_n_0  |                9 |             11 |
|  Clk_CPU_BUFG    | U_MCCPU/U_IR/rf_reg[10][31][0]  | U_MCCPU/U_RF/AR[0]               |                7 |             11 |
|  Clk_CPU_BUFG    | U_MCCPU/U_IR/rf_reg[5][31][0]   | U_MCCPU/U_RF/rf_reg[17][23]_0[0] |                8 |             11 |
|  Clk_CPU_BUFG    | U_MCCPU/U_IR/rf_reg[5][31][0]   | U_MCCPU/U_RF/rf_reg[17][23]_0[1] |                7 |             11 |
|  Clk_CPU_BUFG    | U_MCCPU/U_IR/rf_reg[27][31][0]  | U_MCCPU/U_RF/rf[31][30]_i_2_n_0  |                5 |             11 |
|  Clk_CPU_BUFG    | U_MCCPU/U_IR/rf_reg[6][31][0]   | U_MCCPU/U_RF/rf_reg[17][23]_0[1] |                4 |             11 |
|  Clk_CPU_BUFG    | U_MCCPU/U_IR/rf_reg[6][31][0]   | U_MCCPU/U_RF/rf_reg[17][23]_0[2] |                8 |             11 |
|  Clk_CPU_BUFG    | U_MCCPU/U_IR/rf_reg[22][31][0]  | U_MCCPU/U_RF/AR[0]               |                9 |             11 |
|  Clk_CPU_BUFG    | U_MCCPU/U_IR/rf_reg[4][31][0]   | U_MCCPU/U_RF/rf_reg[17][23]_0[1] |                5 |             11 |
|  Clk_CPU_BUFG    | U_MCCPU/U_IR/rf_reg[4][31][0]   | U_MCCPU/U_RF/rf_reg[17][23]_0[2] |                7 |             11 |
|  Clk_CPU_BUFG    | U_MCCPU/U_IR/rf_reg[26][31][0]  | U_MCCPU/U_RF/rf[31][30]_i_2_n_0  |                7 |             11 |
|  Clk_CPU_BUFG    | U_MCCPU/U_IR/rf_reg[23][31][0]  | U_MCCPU/U_RF/rf[31][30]_i_2_n_0  |                8 |             11 |
|  Clk_CPU_BUFG    | U_MCCPU/U_IR/rf_reg[10][31][0]  | U_MCCPU/U_RF/rf_reg[17][23]_0[1] |                7 |             11 |
|  Clk_CPU_BUFG    | U_MCCPU/U_IR/rf_reg[22][31][0]  | U_MCCPU/U_RF/rf[31][20]_i_2_n_0  |                6 |             11 |
|  Clk_CPU_BUFG    | U_MCCPU/U_CTRL/q_reg[31]_0[0]   | U_MCCPU/U_DataR/AR[0]            |               13 |             22 |
|  clk_IBUF_BUFG   |                                 | U_MCCPU/U_ALUR/AR[0]             |                7 |             26 |
|  clk_IBUF_BUFG   | U_MCCPU/U_CTRL/E[0]             | U_MCCPU/U_DataR/AR[0]            |               10 |             31 |
|  Clk_CPU_BUFG    | U_MCCPU/U_CTRL/IRWrite          | U_MCCPU/U_ALUR/AR[0]             |               12 |             32 |
|  Clk_CPU_BUFG    | U_MCCPU/U_IR/E[0]               |                                  |               22 |             32 |
|  clk_IBUF_BUFG   |                                 | U_7SEG/rst                       |               28 |             54 |
|  Clk_CPU_BUFG    |                                 | U_MCCPU/U_ALUR/AR[0]             |               20 |             57 |
|  Clk_CPU_BUFG    | U_MCCPU/U_CTRL/we               |                                  |               16 |             64 |
|  Clk_CPU_BUFG    |                                 | U_MCCPU/U_DataR/AR[0]            |               36 |             72 |
+------------------+---------------------------------+----------------------------------+------------------+----------------+


+--------+-----------------------+
| Fanout | Number of ControlSets |
+--------+-----------------------+
| 1      |                     8 |
| 2      |                     4 |
| 3      |                     4 |
| 4      |                     1 |
| 6      |                     1 |
| 7      |                     1 |
| 8      |                     2 |
| 9      |                     1 |
| 10     |                    35 |
| 11     |                    54 |
| 16+    |                     9 |
+--------+-----------------------+


