#-----------------------------------------------------------
# Vivado v2017.4 (64-bit)
# SW Build 2086221 on Fri Dec 15 20:55:39 MST 2017
# IP Build 2085800 on Fri Dec 15 22:25:07 MST 2017
# Start of session at: Tue Dec 10 18:21:04 2019
# Process ID: 3444
# Current directory: D:/CODWork/MY_MCCPU_SOC
# Command line: vivado.exe -gui_launcher_event rodinguilauncherevent768 D:\CODWork\MY_MCCPU_SOC\MY_MCCPU_SOC.xpr
# Log file: D:/CODWork/MY_MCCPU_SOC/vivado.log
# Journal file: D:/CODWork/MY_MCCPU_SOC\vivado.jou
#-----------------------------------------------------------
start_gui
open_project D:/CODWork/MY_MCCPU_SOC/MY_MCCPU_SOC.xpr
Scanning sources...
Finished scanning sources
INFO: [IP_Flow 19-234] Refreshing IP repositories
INFO: [IP_Flow 19-1704] No user IP repositories specified
INFO: [IP_Flow 19-2313] Loaded Vivado IP repository 'C:/Xilinx/Vivado/2017.4/data/ip'.
open_project: Time (s): cpu = 00:00:08 ; elapsed = 00:00:05 . Memory (MB): peak = 821.352 ; gain = 126.445
update_compile_order -fileset sources_1
exit
INFO: [Common 17-206] Exiting Vivado at Tue Dec 10 18:21:38 2019...
